<?xml version="1.0" encoding="UTF-8"?>
<testsuite xmlns:xsi="http://www.w3.org/2001/XMLSchema-instance" xsi:noNamespaceSchemaLocation="https://maven.apache.org/surefire/maven-surefire-plugin/xsd/surefire-test-report.xsd" version="3.0.1" name="TestSuite" time="12.09" tests="2" errors="0" skipped="0" failures="0">
  <properties>
    <property name="java.specification.version" value="23"/>
    <property name="sun.cpu.isalist" value="amd64"/>
    <property name="sun.jnu.encoding" value="Cp1252"/>
    <property name="java.class.path" value="C:\Users\sridh_gs9uyhi\Downloads\EclipseWorkspace\AssessmentProject\target\test-classes;C:\Users\sridh_gs9uyhi\Downloads\EclipseWorkspace\AssessmentProject\target\classes;C:\Users\sridh_gs9uyhi\.m2\repository\org\seleniumhq\selenium\selenium-java\4.25.0\selenium-java-4.25.0.jar;C:\Users\sridh_gs9uyhi\.m2\repository\org\seleniumhq\selenium\selenium-api\4.25.0\selenium-api-4.25.0.jar;C:\Users\sridh_gs9uyhi\.m2\repository\org\jspecify\jspecify\1.0.0\jspecify-1.0.0.jar;C:\Users\sridh_gs9uyhi\.m2\repository\org\seleniumhq\selenium\selenium-chrome-driver\4.25.0\selenium-chrome-driver-4.25.0.jar;C:\Users\sridh_gs9uyhi\.m2\repository\com\google\auto\service\auto-service-annotations\1.1.1\auto-service-annotations-1.1.1.jar;C:\Users\sridh_gs9uyhi\.m2\repository\org\seleniumhq\selenium\selenium-chromium-driver\4.25.0\selenium-chromium-driver-4.25.0.jar;C:\Users\sridh_gs9uyhi\.m2\repository\org\seleniumhq\selenium\selenium-json\4.25.0\selenium-json-4.25.0.jar;C:\Users\sridh_gs9uyhi\.m2\repository\org\seleniumhq\selenium\selenium-manager\4.25.0\selenium-manager-4.25.0.jar;C:\Users\sridh_gs9uyhi\.m2\repository\org\seleniumhq\selenium\selenium-devtools-v127\4.25.0\selenium-devtools-v127-4.25.0.jar;C:\Users\sridh_gs9uyhi\.m2\repository\org\seleniumhq\selenium\selenium-devtools-v128\4.25.0\selenium-devtools-v128-4.25.0.jar;C:\Users\sridh_gs9uyhi\.m2\repository\org\seleniumhq\selenium\selenium-devtools-v129\4.25.0\selenium-devtools-v129-4.25.0.jar;C:\Users\sridh_gs9uyhi\.m2\repository\org\seleniumhq\selenium\selenium-devtools-v85\4.25.0\selenium-devtools-v85-4.25.0.jar;C:\Users\sridh_gs9uyhi\.m2\repository\org\seleniumhq\selenium\selenium-edge-driver\4.25.0\selenium-edge-driver-4.25.0.jar;C:\Users\sridh_gs9uyhi\.m2\repository\org\seleniumhq\selenium\selenium-firefox-driver\4.25.0\selenium-firefox-driver-4.25.0.jar;C:\Users\sridh_gs9uyhi\.m2\repository\org\seleniumhq\selenium\selenium-http\4.25.0\selenium-http-4.25.0.jar;C:\Users\sridh_gs9uyhi\.m2\repository\dev\failsafe\failsafe\3.3.2\failsafe-3.3.2.jar;C:\Users\sridh_gs9uyhi\.m2\repository\org\seleniumhq\selenium\selenium-ie-driver\4.25.0\selenium-ie-driver-4.25.0.jar;C:\Users\sridh_gs9uyhi\.m2\repository\org\seleniumhq\selenium\selenium-remote-driver\4.25.0\selenium-remote-driver-4.25.0.jar;C:\Users\sridh_gs9uyhi\.m2\repository\com\google\guava\guava\33.3.0-jre\guava-33.3.0-jre.jar;C:\Users\sridh_gs9uyhi\.m2\repository\com\google\guava\failureaccess\1.0.2\failureaccess-1.0.2.jar;C:\Users\sridh_gs9uyhi\.m2\repository\com\google\guava\listenablefuture\9999.0-empty-to-avoid-conflict-with-guava\listenablefuture-9999.0-empty-to-avoid-conflict-with-guava.jar;C:\Users\sridh_gs9uyhi\.m2\repository\com\google\code\findbugs\jsr305\3.0.2\jsr305-3.0.2.jar;C:\Users\sridh_gs9uyhi\.m2\repository\org\checkerframework\checker-qual\3.43.0\checker-qual-3.43.0.jar;C:\Users\sridh_gs9uyhi\.m2\repository\com\google\errorprone\error_prone_annotations\2.28.0\error_prone_annotations-2.28.0.jar;C:\Users\sridh_gs9uyhi\.m2\repository\com\google\j2objc\j2objc-annotations\3.0.0\j2objc-annotations-3.0.0.jar;C:\Users\sridh_gs9uyhi\.m2\repository\io\opentelemetry\semconv\opentelemetry-semconv\1.25.0-alpha\opentelemetry-semconv-1.25.0-alpha.jar;C:\Users\sridh_gs9uyhi\.m2\repository\io\opentelemetry\opentelemetry-api\1.42.1\opentelemetry-api-1.42.1.jar;C:\Users\sridh_gs9uyhi\.m2\repository\io\opentelemetry\opentelemetry-context\1.42.1\opentelemetry-context-1.42.1.jar;C:\Users\sridh_gs9uyhi\.m2\repository\io\opentelemetry\opentelemetry-exporter-logging\1.42.1\opentelemetry-exporter-logging-1.42.1.jar;C:\Users\sridh_gs9uyhi\.m2\repository\io\opentelemetry\opentelemetry-sdk-common\1.42.1\opentelemetry-sdk-common-1.42.1.jar;C:\Users\sridh_gs9uyhi\.m2\repository\io\opentelemetry\opentelemetry-sdk-extension-autoconfigure-spi\1.42.1\opentelemetry-sdk-extension-autoconfigure-spi-1.42.1.jar;C:\Users\sridh_gs9uyhi\.m2\repository\io\opentelemetry\opentelemetry-sdk-extension-autoconfigure\1.42.1\opentelemetry-sdk-extension-autoconfigure-1.42.1.jar;C:\Users\sridh_gs9uyhi\.m2\repository\io\opentelemetry\opentelemetry-api-incubator\1.42.1-alpha\opentelemetry-api-incubator-1.42.1-alpha.jar;C:\Users\sridh_gs9uyhi\.m2\repository\io\opentelemetry\opentelemetry-sdk-trace\1.42.1\opentelemetry-sdk-trace-1.42.1.jar;C:\Users\sridh_gs9uyhi\.m2\repository\io\opentelemetry\opentelemetry-sdk\1.42.1\opentelemetry-sdk-1.42.1.jar;C:\Users\sridh_gs9uyhi\.m2\repository\io\opentelemetry\opentelemetry-sdk-metrics\1.42.1\opentelemetry-sdk-metrics-1.42.1.jar;C:\Users\sridh_gs9uyhi\.m2\repository\io\opentelemetry\opentelemetry-sdk-logs\1.42.1\opentelemetry-sdk-logs-1.42.1.jar;C:\Users\sridh_gs9uyhi\.m2\repository\net\bytebuddy\byte-buddy\1.15.1\byte-buddy-1.15.1.jar;C:\Users\sridh_gs9uyhi\.m2\repository\org\seleniumhq\selenium\selenium-os\4.25.0\selenium-os-4.25.0.jar;C:\Users\sridh_gs9uyhi\.m2\repository\org\apache\commons\commons-exec\1.4.0\commons-exec-1.4.0.jar;C:\Users\sridh_gs9uyhi\.m2\repository\org\seleniumhq\selenium\selenium-safari-driver\4.25.0\selenium-safari-driver-4.25.0.jar;C:\Users\sridh_gs9uyhi\.m2\repository\org\seleniumhq\selenium\selenium-support\4.25.0\selenium-support-4.25.0.jar;C:\Users\sridh_gs9uyhi\.m2\repository\org\testng\testng\7.7.0\testng-7.7.0.jar;C:\Users\sridh_gs9uyhi\.m2\repository\org\slf4j\slf4j-api\1.7.36\slf4j-api-1.7.36.jar;C:\Users\sridh_gs9uyhi\.m2\repository\com\beust\jcommander\1.82\jcommander-1.82.jar;C:\Users\sridh_gs9uyhi\.m2\repository\org\webjars\jquery\3.6.1\jquery-3.6.1.jar;C:\Users\sridh_gs9uyhi\.m2\repository\io\cucumber\cucumber-java\7.16.0\cucumber-java-7.16.0.jar;C:\Users\sridh_gs9uyhi\.m2\repository\org\apiguardian\apiguardian-api\1.1.2\apiguardian-api-1.1.2.jar;C:\Users\sridh_gs9uyhi\.m2\repository\io\cucumber\cucumber-testng\7.16.0\cucumber-testng-7.16.0.jar;C:\Users\sridh_gs9uyhi\.m2\repository\io\cucumber\cucumber-core\7.16.0\cucumber-core-7.16.0.jar;C:\Users\sridh_gs9uyhi\.m2\repository\io\cucumber\cucumber-gherkin-messages\7.16.0\cucumber-gherkin-messages-7.16.0.jar;C:\Users\sridh_gs9uyhi\.m2\repository\io\cucumber\tag-expressions\6.1.0\tag-expressions-6.1.0.jar;C:\Users\sridh_gs9uyhi\.m2\repository\io\cucumber\cucumber-expressions\17.1.0\cucumber-expressions-17.1.0.jar;C:\Users\sridh_gs9uyhi\.m2\repository\io\cucumber\datatable\7.16.0\datatable-7.16.0.jar;C:\Users\sridh_gs9uyhi\.m2\repository\io\cucumber\cucumber-plugin\7.16.0\cucumber-plugin-7.16.0.jar;C:\Users\sridh_gs9uyhi\.m2\repository\io\cucumber\docstring\7.16.0\docstring-7.16.0.jar;C:\Users\sridh_gs9uyhi\.m2\repository\io\cucumber\html-formatter\21.3.0\html-formatter-21.3.0.jar;C:\Users\sridh_gs9uyhi\.m2\repository\io\cucumber\messages\22.0.0\messages-22.0.0.jar;C:\Users\sridh_gs9uyhi\.m2\repository\io\cucumber\junit-xml-formatter\0.2.1\junit-xml-formatter-0.2.1.jar;C:\Users\sridh_gs9uyhi\.m2\repository\io\cucumber\ci-environment\10.0.1\ci-environment-10.0.1.jar;C:\Users\sridh_gs9uyhi\.m2\repository\io\cucumber\cucumber-gherkin\7.16.0\cucumber-gherkin-7.16.0.jar;C:\Users\sridh_gs9uyhi\.m2\repository\tech\grasshopper\extentreports-cucumber7-adapter\1.9.2\extentreports-cucumber7-adapter-1.9.2.jar;C:\Users\sridh_gs9uyhi\.m2\repository\com\aventstack\extentreports\5.0.9\extentreports-5.0.9.jar;C:\Users\sridh_gs9uyhi\.m2\repository\io\reactivex\rxjava3\rxjava\3.0.4\rxjava-3.0.4.jar;C:\Users\sridh_gs9uyhi\.m2\repository\org\reactivestreams\reactive-streams\1.0.3\reactive-streams-1.0.3.jar;C:\Users\sridh_gs9uyhi\.m2\repository\org\freemarker\freemarker\2.3.30\freemarker-2.3.30.jar;C:\Users\sridh_gs9uyhi\.m2\repository\org\projectlombok\lombok\1.18.12\lombok-1.18.12.jar;C:\Users\sridh_gs9uyhi\.m2\repository\com\google\code\gson\gson\2.8.6\gson-2.8.6.jar;C:\Users\sridh_gs9uyhi\.m2\repository\tech\grasshopper\extent-pdf-report\2.9.1\extent-pdf-report-2.9.1.jar;C:\Users\sridh_gs9uyhi\.m2\repository\tech\grasshopper\cucumber-pdf-report\2.11.1\cucumber-pdf-report-2.11.1.jar;C:\Users\sridh_gs9uyhi\.m2\repository\org\apache\pdfbox\pdfbox\2.0.26\pdfbox-2.0.26.jar;C:\Users\sridh_gs9uyhi\.m2\repository\org\apache\pdfbox\fontbox\2.0.26\fontbox-2.0.26.jar;C:\Users\sridh_gs9uyhi\.m2\repository\org\knowm\xchart\xchart\3.8.0\xchart-3.8.0.jar;C:\Users\sridh_gs9uyhi\.m2\repository\de\erichseifert\vectorgraphics2d\VectorGraphics2D\0.13\VectorGraphics2D-0.13.jar;C:\Users\sridh_gs9uyhi\.m2\repository\de\rototor\pdfbox\graphics2d\0.30\graphics2d-0.30.jar;C:\Users\sridh_gs9uyhi\.m2\repository\com\madgag\animated-gif-lib\1.4\animated-gif-lib-1.4.jar;C:\Users\sridh_gs9uyhi\.m2\repository\org\yaml\snakeyaml\1.28\snakeyaml-1.28.jar;C:\Users\sridh_gs9uyhi\.m2\repository\tech\grasshopper\table-layout\1.5.1\table-layout-1.5.1.jar;C:\Users\sridh_gs9uyhi\.m2\repository\tech\grasshopper\rest-assured-cucumber-pdf-report\1.4.1\rest-assured-cucumber-pdf-report-1.4.1.jar;C:\Users\sridh_gs9uyhi\.m2\repository\org\jsoup\jsoup\1.15.3\jsoup-1.15.3.jar;C:\Users\sridh_gs9uyhi\.m2\repository\com\aventstack\klov-reporter\5.0.9\klov-reporter-5.0.9.jar;C:\Users\sridh_gs9uyhi\.m2\repository\org\mongodb\mongodb-driver\3.6.4\mongodb-driver-3.6.4.jar;C:\Users\sridh_gs9uyhi\.m2\repository\org\mongodb\mongodb-driver-core\3.6.4\mongodb-driver-core-3.6.4.jar;C:\Users\sridh_gs9uyhi\.m2\repository\org\mongodb\bson\3.6.4\bson-3.6.4.jar;C:\Users\sridh_gs9uyhi\.m2\repository\org\apache\httpcomponents\httpclient\4.5.13\httpclient-4.5.13.jar;C:\Users\sridh_gs9uyhi\.m2\repository\org\apache\httpcomponents\httpcore\4.4.13\httpcore-4.4.13.jar;C:\Users\sridh_gs9uyhi\.m2\repository\commons-logging\commons-logging\1.2\commons-logging-1.2.jar;C:\Users\sridh_gs9uyhi\.m2\repository\commons-codec\commons-codec\1.11\commons-codec-1.11.jar;C:\Users\sridh_gs9uyhi\.m2\repository\org\apache\httpcomponents\httpmime\4.5.13\httpmime-4.5.13.jar;C:\Users\sridh_gs9uyhi\.m2\repository\tech\grasshopper\htmlextentreporter\1.0.1\htmlextentreporter-1.0.1.jar;C:\Users\sridh_gs9uyhi\.m2\repository\com\codoid\products\fillo\1.22\fillo-1.22.jar;C:\Users\sridh_gs9uyhi\.m2\repository\org\slf4j\slf4j-simple\2.0.14\slf4j-simple-2.0.14.jar;C:\Users\sridh_gs9uyhi\.m2\repository\org\apache\logging\log4j\log4j-api\2.20.0\log4j-api-2.20.0.jar;C:\Users\sridh_gs9uyhi\.m2\repository\org\apache\logging\log4j\log4j-core\2.20.0\log4j-core-2.20.0.jar;C:\Users\sridh_gs9uyhi\.m2\repository\org\apache\logging\log4j\log4j-slf4j-impl\2.20.0\log4j-slf4j-impl-2.20.0.jar;C:\Users\sridh_gs9uyhi\.m2\repository\log4j\log4j\1.2.17\log4j-1.2.17.jar;C:\Users\sridh_gs9uyhi\.m2\repository\io\qameta\allure\allure-cucumber7-jvm\2.25.0\allure-cucumber7-jvm-2.25.0.jar;C:\Users\sridh_gs9uyhi\.m2\repository\io\qameta\allure\allure-java-commons\2.25.0\allure-java-commons-2.25.0.jar;C:\Users\sridh_gs9uyhi\.m2\repository\io\qameta\allure\allure-model\2.25.0\allure-model-2.25.0.jar;C:\Users\sridh_gs9uyhi\.m2\repository\io\cucumber\gherkin\26.2.0\gherkin-26.2.0.jar;C:\Users\sridh_gs9uyhi\.m2\repository\io\qameta\allure\allure-testng\2.25.0\allure-testng-2.25.0.jar;C:\Users\sridh_gs9uyhi\.m2\repository\io\qameta\allure\allure-test-filter\2.25.0\allure-test-filter-2.25.0.jar;"/>
    <property name="java.vm.vendor" value="Oracle Corporation"/>
    <property name="sun.arch.data.model" value="64"/>
    <property name="user.variant" value=""/>
    <property name="java.vendor.url" value="https://java.oracle.com/"/>
    <property name="user.timezone" value="Europe/London"/>
    <property name="os.name" value="Windows 11"/>
    <property name="java.vm.specification.version" value="23"/>
    <property name="sun.java.launcher" value="SUN_STANDARD"/>
    <property name="user.country" value="GB"/>
    <property name="sun.boot.library.path" value="C:\Program Files\Java\jdk-23\bin"/>
    <property name="sun.java.command" value="C:\Users\sridh_gs9uyhi\AppData\Local\Temp\surefire1413823143636303277\surefirebooter-20250409114151286_3.jar C:\Users\sridh_gs9uyhi\AppData\Local\Temp\surefire1413823143636303277 2025-04-09T11-41-51_128-jvmRun1 surefire-20250409114151286_1tmp surefire_0-20250409114151286_2tmp"/>
    <property name="jdk.debug" value="release"/>
    <property name="surefire.test.class.path" value="C:\Users\sridh_gs9uyhi\Downloads\EclipseWorkspace\AssessmentProject\target\test-classes;C:\Users\sridh_gs9uyhi\Downloads\EclipseWorkspace\AssessmentProject\target\classes;C:\Users\sridh_gs9uyhi\.m2\repository\org\seleniumhq\selenium\selenium-java\4.25.0\selenium-java-4.25.0.jar;C:\Users\sridh_gs9uyhi\.m2\repository\org\seleniumhq\selenium\selenium-api\4.25.0\selenium-api-4.25.0.jar;C:\Users\sridh_gs9uyhi\.m2\repository\org\jspecify\jspecify\1.0.0\jspecify-1.0.0.jar;C:\Users\sridh_gs9uyhi\.m2\repository\org\seleniumhq\selenium\selenium-chrome-driver\4.25.0\selenium-chrome-driver-4.25.0.jar;C:\Users\sridh_gs9uyhi\.m2\repository\com\google\auto\service\auto-service-annotations\1.1.1\auto-service-annotations-1.1.1.jar;C:\Users\sridh_gs9uyhi\.m2\repository\org\seleniumhq\selenium\selenium-chromium-driver\4.25.0\selenium-chromium-driver-4.25.0.jar;C:\Users\sridh_gs9uyhi\.m2\repository\org\seleniumhq\selenium\selenium-json\4.25.0\selenium-json-4.25.0.jar;C:\Users\sridh_gs9uyhi\.m2\repository\org\seleniumhq\selenium\selenium-manager\4.25.0\selenium-manager-4.25.0.jar;C:\Users\sridh_gs9uyhi\.m2\repository\org\seleniumhq\selenium\selenium-devtools-v127\4.25.0\selenium-devtools-v127-4.25.0.jar;C:\Users\sridh_gs9uyhi\.m2\repository\org\seleniumhq\selenium\selenium-devtools-v128\4.25.0\selenium-devtools-v128-4.25.0.jar;C:\Users\sridh_gs9uyhi\.m2\repository\org\seleniumhq\selenium\selenium-devtools-v129\4.25.0\selenium-devtools-v129-4.25.0.jar;C:\Users\sridh_gs9uyhi\.m2\repository\org\seleniumhq\selenium\selenium-devtools-v85\4.25.0\selenium-devtools-v85-4.25.0.jar;C:\Users\sridh_gs9uyhi\.m2\repository\org\seleniumhq\selenium\selenium-edge-driver\4.25.0\selenium-edge-driver-4.25.0.jar;C:\Users\sridh_gs9uyhi\.m2\repository\org\seleniumhq\selenium\selenium-firefox-driver\4.25.0\selenium-firefox-driver-4.25.0.jar;C:\Users\sridh_gs9uyhi\.m2\repository\org\seleniumhq\selenium\selenium-http\4.25.0\selenium-http-4.25.0.jar;C:\Users\sridh_gs9uyhi\.m2\repository\dev\failsafe\failsafe\3.3.2\failsafe-3.3.2.jar;C:\Users\sridh_gs9uyhi\.m2\repository\org\seleniumhq\selenium\selenium-ie-driver\4.25.0\selenium-ie-driver-4.25.0.jar;C:\Users\sridh_gs9uyhi\.m2\repository\org\seleniumhq\selenium\selenium-remote-driver\4.25.0\selenium-remote-driver-4.25.0.jar;C:\Users\sridh_gs9uyhi\.m2\repository\com\google\guava\guava\33.3.0-jre\guava-33.3.0-jre.jar;C:\Users\sridh_gs9uyhi\.m2\repository\com\google\guava\failureaccess\1.0.2\failureaccess-1.0.2.jar;C:\Users\sridh_gs9uyhi\.m2\repository\com\google\guava\listenablefuture\9999.0-empty-to-avoid-conflict-with-guava\listenablefuture-9999.0-empty-to-avoid-conflict-with-guava.jar;C:\Users\sridh_gs9uyhi\.m2\repository\com\google\code\findbugs\jsr305\3.0.2\jsr305-3.0.2.jar;C:\Users\sridh_gs9uyhi\.m2\repository\org\checkerframework\checker-qual\3.43.0\checker-qual-3.43.0.jar;C:\Users\sridh_gs9uyhi\.m2\repository\com\google\errorprone\error_prone_annotations\2.28.0\error_prone_annotations-2.28.0.jar;C:\Users\sridh_gs9uyhi\.m2\repository\com\google\j2objc\j2objc-annotations\3.0.0\j2objc-annotations-3.0.0.jar;C:\Users\sridh_gs9uyhi\.m2\repository\io\opentelemetry\semconv\opentelemetry-semconv\1.25.0-alpha\opentelemetry-semconv-1.25.0-alpha.jar;C:\Users\sridh_gs9uyhi\.m2\repository\io\opentelemetry\opentelemetry-api\1.42.1\opentelemetry-api-1.42.1.jar;C:\Users\sridh_gs9uyhi\.m2\repository\io\opentelemetry\opentelemetry-context\1.42.1\opentelemetry-context-1.42.1.jar;C:\Users\sridh_gs9uyhi\.m2\repository\io\opentelemetry\opentelemetry-exporter-logging\1.42.1\opentelemetry-exporter-logging-1.42.1.jar;C:\Users\sridh_gs9uyhi\.m2\repository\io\opentelemetry\opentelemetry-sdk-common\1.42.1\opentelemetry-sdk-common-1.42.1.jar;C:\Users\sridh_gs9uyhi\.m2\repository\io\opentelemetry\opentelemetry-sdk-extension-autoconfigure-spi\1.42.1\opentelemetry-sdk-extension-autoconfigure-spi-1.42.1.jar;C:\Users\sridh_gs9uyhi\.m2\repository\io\opentelemetry\opentelemetry-sdk-extension-autoconfigure\1.42.1\opentelemetry-sdk-extension-autoconfigure-1.42.1.jar;C:\Users\sridh_gs9uyhi\.m2\repository\io\opentelemetry\opentelemetry-api-incubator\1.42.1-alpha\opentelemetry-api-incubator-1.42.1-alpha.jar;C:\Users\sridh_gs9uyhi\.m2\repository\io\opentelemetry\opentelemetry-sdk-trace\1.42.1\opentelemetry-sdk-trace-1.42.1.jar;C:\Users\sridh_gs9uyhi\.m2\repository\io\opentelemetry\opentelemetry-sdk\1.42.1\opentelemetry-sdk-1.42.1.jar;C:\Users\sridh_gs9uyhi\.m2\repository\io\opentelemetry\opentelemetry-sdk-metrics\1.42.1\opentelemetry-sdk-metrics-1.42.1.jar;C:\Users\sridh_gs9uyhi\.m2\repository\io\opentelemetry\opentelemetry-sdk-logs\1.42.1\opentelemetry-sdk-logs-1.42.1.jar;C:\Users\sridh_gs9uyhi\.m2\repository\net\bytebuddy\byte-buddy\1.15.1\byte-buddy-1.15.1.jar;C:\Users\sridh_gs9uyhi\.m2\repository\org\seleniumhq\selenium\selenium-os\4.25.0\selenium-os-4.25.0.jar;C:\Users\sridh_gs9uyhi\.m2\repository\org\apache\commons\commons-exec\1.4.0\commons-exec-1.4.0.jar;C:\Users\sridh_gs9uyhi\.m2\repository\org\seleniumhq\selenium\selenium-safari-driver\4.25.0\selenium-safari-driver-4.25.0.jar;C:\Users\sridh_gs9uyhi\.m2\repository\org\seleniumhq\selenium\selenium-support\4.25.0\selenium-support-4.25.0.jar;C:\Users\sridh_gs9uyhi\.m2\repository\org\testng\testng\7.7.0\testng-7.7.0.jar;C:\Users\sridh_gs9uyhi\.m2\repository\org\slf4j\slf4j-api\1.7.36\slf4j-api-1.7.36.jar;C:\Users\sridh_gs9uyhi\.m2\repository\com\beust\jcommander\1.82\jcommander-1.82.jar;C:\Users\sridh_gs9uyhi\.m2\repository\org\webjars\jquery\3.6.1\jquery-3.6.1.jar;C:\Users\sridh_gs9uyhi\.m2\repository\io\cucumber\cucumber-java\7.16.0\cucumber-java-7.16.0.jar;C:\Users\sridh_gs9uyhi\.m2\repository\org\apiguardian\apiguardian-api\1.1.2\apiguardian-api-1.1.2.jar;C:\Users\sridh_gs9uyhi\.m2\repository\io\cucumber\cucumber-testng\7.16.0\cucumber-testng-7.16.0.jar;C:\Users\sridh_gs9uyhi\.m2\repository\io\cucumber\cucumber-core\7.16.0\cucumber-core-7.16.0.jar;C:\Users\sridh_gs9uyhi\.m2\repository\io\cucumber\cucumber-gherkin-messages\7.16.0\cucumber-gherkin-messages-7.16.0.jar;C:\Users\sridh_gs9uyhi\.m2\repository\io\cucumber\tag-expressions\6.1.0\tag-expressions-6.1.0.jar;C:\Users\sridh_gs9uyhi\.m2\repository\io\cucumber\cucumber-expressions\17.1.0\cucumber-expressions-17.1.0.jar;C:\Users\sridh_gs9uyhi\.m2\repository\io\cucumber\datatable\7.16.0\datatable-7.16.0.jar;C:\Users\sridh_gs9uyhi\.m2\repository\io\cucumber\cucumber-plugin\7.16.0\cucumber-plugin-7.16.0.jar;C:\Users\sridh_gs9uyhi\.m2\repository\io\cucumber\docstring\7.16.0\docstring-7.16.0.jar;C:\Users\sridh_gs9uyhi\.m2\repository\io\cucumber\html-formatter\21.3.0\html-formatter-21.3.0.jar;C:\Users\sridh_gs9uyhi\.m2\repository\io\cucumber\messages\22.0.0\messages-22.0.0.jar;C:\Users\sridh_gs9uyhi\.m2\repository\io\cucumber\junit-xml-formatter\0.2.1\junit-xml-formatter-0.2.1.jar;C:\Users\sridh_gs9uyhi\.m2\repository\io\cucumber\ci-environment\10.0.1\ci-environment-10.0.1.jar;C:\Users\sridh_gs9uyhi\.m2\repository\io\cucumber\cucumber-gherkin\7.16.0\cucumber-gherkin-7.16.0.jar;C:\Users\sridh_gs9uyhi\.m2\repository\tech\grasshopper\extentreports-cucumber7-adapter\1.9.2\extentreports-cucumber7-adapter-1.9.2.jar;C:\Users\sridh_gs9uyhi\.m2\repository\com\aventstack\extentreports\5.0.9\extentreports-5.0.9.jar;C:\Users\sridh_gs9uyhi\.m2\repository\io\reactivex\rxjava3\rxjava\3.0.4\rxjava-3.0.4.jar;C:\Users\sridh_gs9uyhi\.m2\repository\org\reactivestreams\reactive-streams\1.0.3\reactive-streams-1.0.3.jar;C:\Users\sridh_gs9uyhi\.m2\repository\org\freemarker\freemarker\2.3.30\freemarker-2.3.30.jar;C:\Users\sridh_gs9uyhi\.m2\repository\org\projectlombok\lombok\1.18.12\lombok-1.18.12.jar;C:\Users\sridh_gs9uyhi\.m2\repository\com\google\code\gson\gson\2.8.6\gson-2.8.6.jar;C:\Users\sridh_gs9uyhi\.m2\repository\tech\grasshopper\extent-pdf-report\2.9.1\extent-pdf-report-2.9.1.jar;C:\Users\sridh_gs9uyhi\.m2\repository\tech\grasshopper\cucumber-pdf-report\2.11.1\cucumber-pdf-report-2.11.1.jar;C:\Users\sridh_gs9uyhi\.m2\repository\org\apache\pdfbox\pdfbox\2.0.26\pdfbox-2.0.26.jar;C:\Users\sridh_gs9uyhi\.m2\repository\org\apache\pdfbox\fontbox\2.0.26\fontbox-2.0.26.jar;C:\Users\sridh_gs9uyhi\.m2\repository\org\knowm\xchart\xchart\3.8.0\xchart-3.8.0.jar;C:\Users\sridh_gs9uyhi\.m2\repository\de\erichseifert\vectorgraphics2d\VectorGraphics2D\0.13\VectorGraphics2D-0.13.jar;C:\Users\sridh_gs9uyhi\.m2\repository\de\rototor\pdfbox\graphics2d\0.30\graphics2d-0.30.jar;C:\Users\sridh_gs9uyhi\.m2\repository\com\madgag\animated-gif-lib\1.4\animated-gif-lib-1.4.jar;C:\Users\sridh_gs9uyhi\.m2\repository\org\yaml\snakeyaml\1.28\snakeyaml-1.28.jar;C:\Users\sridh_gs9uyhi\.m2\repository\tech\grasshopper\table-layout\1.5.1\table-layout-1.5.1.jar;C:\Users\sridh_gs9uyhi\.m2\repository\tech\grasshopper\rest-assured-cucumber-pdf-report\1.4.1\rest-assured-cucumber-pdf-report-1.4.1.jar;C:\Users\sridh_gs9uyhi\.m2\repository\org\jsoup\jsoup\1.15.3\jsoup-1.15.3.jar;C:\Users\sridh_gs9uyhi\.m2\repository\com\aventstack\klov-reporter\5.0.9\klov-reporter-5.0.9.jar;C:\Users\sridh_gs9uyhi\.m2\repository\org\mongodb\mongodb-driver\3.6.4\mongodb-driver-3.6.4.jar;C:\Users\sridh_gs9uyhi\.m2\repository\org\mongodb\mongodb-driver-core\3.6.4\mongodb-driver-core-3.6.4.jar;C:\Users\sridh_gs9uyhi\.m2\repository\org\mongodb\bson\3.6.4\bson-3.6.4.jar;C:\Users\sridh_gs9uyhi\.m2\repository\org\apache\httpcomponents\httpclient\4.5.13\httpclient-4.5.13.jar;C:\Users\sridh_gs9uyhi\.m2\repository\org\apache\httpcomponents\httpcore\4.4.13\httpcore-4.4.13.jar;C:\Users\sridh_gs9uyhi\.m2\repository\commons-logging\commons-logging\1.2\commons-logging-1.2.jar;C:\Users\sridh_gs9uyhi\.m2\repository\commons-codec\commons-codec\1.11\commons-codec-1.11.jar;C:\Users\sridh_gs9uyhi\.m2\repository\org\apache\httpcomponents\httpmime\4.5.13\httpmime-4.5.13.jar;C:\Users\sridh_gs9uyhi\.m2\repository\tech\grasshopper\htmlextentreporter\1.0.1\htmlextentreporter-1.0.1.jar;C:\Users\sridh_gs9uyhi\.m2\repository\com\codoid\products\fillo\1.22\fillo-1.22.jar;C:\Users\sridh_gs9uyhi\.m2\repository\org\slf4j\slf4j-simple\2.0.14\slf4j-simple-2.0.14.jar;C:\Users\sridh_gs9uyhi\.m2\repository\org\apache\logging\log4j\log4j-api\2.20.0\log4j-api-2.20.0.jar;C:\Users\sridh_gs9uyhi\.m2\repository\org\apache\logging\log4j\log4j-core\2.20.0\log4j-core-2.20.0.jar;C:\Users\sridh_gs9uyhi\.m2\repository\org\apache\logging\log4j\log4j-slf4j-impl\2.20.0\log4j-slf4j-impl-2.20.0.jar;C:\Users\sridh_gs9uyhi\.m2\repository\log4j\log4j\1.2.17\log4j-1.2.17.jar;C:\Users\sridh_gs9uyhi\.m2\repository\io\qameta\allure\allure-cucumber7-jvm\2.25.0\allure-cucumber7-jvm-2.25.0.jar;C:\Users\sridh_gs9uyhi\.m2\repository\io\qameta\allure\allure-java-commons\2.25.0\allure-java-commons-2.25.0.jar;C:\Users\sridh_gs9uyhi\.m2\repository\io\qameta\allure\allure-model\2.25.0\allure-model-2.25.0.jar;C:\Users\sridh_gs9uyhi\.m2\repository\io\cucumber\gherkin\26.2.0\gherkin-26.2.0.jar;C:\Users\sridh_gs9uyhi\.m2\repository\io\qameta\allure\allure-testng\2.25.0\allure-testng-2.25.0.jar;C:\Users\sridh_gs9uyhi\.m2\repository\io\qameta\allure\allure-test-filter\2.25.0\allure-test-filter-2.25.0.jar;"/>
    <property name="sun.cpu.endian" value="little"/>
    <property name="user.home" value="C:\Users\sridh_gs9uyhi"/>
    <property name="user.language" value="en"/>
    <property name="java.specification.vendor" value="Oracle Corporation"/>
    <property name="java.version.date" value="2025-01-21"/>
    <property name="java.home" value="C:\Program Files\Java\jdk-23"/>
    <property name="file.separator" value="\"/>
    <property name="basedir" value="C:\Users\sridh_gs9uyhi\Downloads\EclipseWorkspace\AssessmentProject"/>
    <property name="style.color" value="always"/>
    <property name="java.vm.compressedOopsMode" value="Zero based"/>
    <property name="line.separator" value="&#10;"/>
    <property name="java.vm.specification.vendor" value="Oracle Corporation"/>
    <property name="java.specification.name" value="Java Platform API Specification"/>
    <property name="surefire.real.class.path" value="C:\Users\sridh_gs9uyhi\AppData\Local\Temp\surefire1413823143636303277\surefirebooter-20250409114151286_3.jar"/>
    <property name="user.script" value=""/>
    <property name="sun.management.compiler" value="HotSpot 64-Bit Tiered Compilers"/>
    <property name="java.runtime.version" value="23.0.2+7-58"/>
    <property name="user.name" value="HanviRithanya"/>
    <property name="stdout.encoding" value="Cp1252"/>
    <property name="path.separator" value=";"/>
    <property name="os.version" value="10.0"/>
    <property name="java.runtime.name" value="Java(TM) SE Runtime Environment"/>
    <property name="file.encoding" value="UTF-8"/>
    <property name="java.vm.name" value="Java HotSpot(TM) 64-Bit Server VM"/>
    <property name="localRepository" value="C:\Users\sridh_gs9uyhi\.m2\repository"/>
    <property name="java.vendor.url.bug" value="https://bugreport.java.com/bugreport/"/>
    <property name="java.io.tmpdir" value="C:\Users\SRIDH_~1\AppData\Local\Temp\"/>
    <property name="java.version" value="23.0.2"/>
    <property name="user.dir" value="C:\Users\sridh_gs9uyhi\Downloads\EclipseWorkspace\AssessmentProject"/>
    <property name="os.arch" value="amd64"/>
    <property name="java.vm.specification.name" value="Java Virtual Machine Specification"/>
    <property name="sun.os.patch.level" value=""/>
    <property name="native.encoding" value="Cp1252"/>
    <property name="java.library.path" value="C:\Program Files\Java\jdk-23\bin;C:\Windows\Sun\Java\bin;C:\Windows\system32;C:\Windows;C:/Users/sridh_gs9uyhi/Downloads/Eclipse/eclipse//plugins/org.eclipse.justj.openjdk.hotspot.jre.full.win32.x86_64_21.0.5.v20241023-1957/jre/bin/server;C:/Users/sridh_gs9uyhi/Downloads/Eclipse/eclipse//plugins/org.eclipse.justj.openjdk.hotspot.jre.full.win32.x86_64_21.0.5.v20241023-1957/jre/bin;C:\Program Files\Common Files\Oracle\Java\javapath;C:\Windows\system32;C:\Windows;C:\Windows\System32\Wbem;C:\Windows\System32\WindowsPowerShell\v1.0\;C:\Windows\System32\OpenSSH\;C:\Program Files\Apache Maven\apache-maven-3.9.9\bin;C:\Program Files\nodejs\;C:\allure-2.33.0\allure-2.33.0\bin;C:\Program Files\Git\cmd;C:\Users\sridh_gs9uyhi\AppData\Local\Microsoft\WindowsApps;C:\Users\sridh_gs9uyhi\AppData\Local\Programs\Microsoft VS Code\bin;C:\Users\sridh_gs9uyhi\AppData\Roaming\npm;C:\Users\sridh_gs9uyhi\Downloads\Eclipse\eclipse;;."/>
    <property name="java.vm.info" value="mixed mode, sharing"/>
    <property name="stderr.encoding" value="Cp1252"/>
    <property name="java.vendor" value="Oracle Corporation"/>
    <property name="java.vm.version" value="23.0.2+7-58"/>
    <property name="sun.io.unicode.encoding" value="UnicodeLittle"/>
    <property name="java.class.version" value="67.0"/>
  </properties>
  <testcase name="runScenario[&quot;General-Verify the user can able to submit the form successfully&quot;, &quot;Submission of web page form&quot;](1)" classname="runners.TestRunner" time="4.663">
    <system-out><![CDATA[
@WebFormPage1
Scenario: General-Verify the user can able to submit the form successfully # src/test/resources/features/WebFromSubmission.feature:4
Login works
Chrome browser used for execution....
INFO  [Log]: Application openend successfully 
  Given I open the application in the "chrome" browser                     # stepDefinitions.ApplicationStepDefinition.launchApplication(java.lang.String)
INFO  [Log]: Entered the text SampleText in the field TextInput 
  Then I enter "SampleText" in the "TextInput" input field                 # stepDefinitions.ApplicationStepDefinition.enterValue_TextField(java.lang.String,java.lang.String)
INFO  [Log]: Entered the text Password in the field password 
  Then I enter "Password" in the "password" input field                    # stepDefinitions.ApplicationStepDefinition.enterValue_TextField(java.lang.String,java.lang.String)
INFO  [Log]: Selected the value One from drop down Select 
  Then I select the "One" from the "Select" dropdown field                 # stepDefinitions.ApplicationStepDefinition.selectvalue_DropdownField(java.lang.String,java.lang.String)
INFO  [Log]: Entered the text San Franciso in the field DataList 
  Then I enter "San Franciso" in the "DataList" input field                # stepDefinitions.ApplicationStepDefinition.enterValue_TextField(java.lang.String,java.lang.String)
INFO  [Log]: Successfully clicked on Submit button 
  Then I click on "Submit" button                                          # stepDefinitions.ApplicationStepDefinition.clickOnButton(java.lang.String)
INFO  [Log]: Verifed the success message: Received! 
  And I verify the "Received!" success message is displayed                # stepDefinitions.ApplicationStepDefinition.verifySuccessMessage(java.lang.String)
Entered into hooks
Chrome browser used for execution....
Chrome browser used for execution....
ChromeDriver: chrome on windows (bbe649d90e2cbd94361feb14f5afd316)
Chrome browser used for execution....
]]></system-out>
    <system-err><![CDATA[log4j:WARN Continuable parsing error 5 and column 70
log4j:WARN Attribute "xmlns:log4j" with value "https://jakarta.apache.org/log4j/" must have a value of "http://jakarta.apache.org/log4j/".
Apr 09, 2025 11:41:59 AM org.openqa.selenium.devtools.CdpVersionFinder findNearestMatch
WARNING: Unable to find an exact match for CDP version 133, returning the closest version; found: 129; Please update to a Selenium version that supports CDP version 133
]]></system-err>
  </testcase>
  <testcase name="runScenario[&quot;DataTable-Verify the user can able to submit the form successfully using datatable&quot;, &quot;Submission of web page form&quot;](2)" classname="runners.TestRunner" time="2.822">
    <system-out><![CDATA[
@WebFormPage2
Scenario: DataTable-Verify the user can able to submit the form successfully using datatable # src/test/resources/features/WebFromSubmission.feature:15
Login works
Chrome browser used for execution....
INFO  [Log]: Application openend successfully 
  Given I open the application in the "chrome" browser                                       # stepDefinitions.ApplicationStepDefinition.launchApplication(java.lang.String)
SampleText
  Then I enter the below values in the webpage                                               # stepDefinitions.ApplicationStepDefinition.fill_WebPage(io.cucumber.datatable.DataTable)
    | TextInput  | password | SelectDropdown | DataList    | DatePicker |
    | SampleText | Password | One            | San Fanciso | 12/04/2025 |
  And I get the default value from the "Readonly input" field                                # stepDefinitions.ApplicationStepDefinition.getDefaultValue_WebPage(java.lang.String)
INFO  [Log]: Successfully clicked on Submit button 
  Then I click on "Submit" button                                                            # stepDefinitions.ApplicationStepDefinition.clickOnButton(java.lang.String)
INFO  [Log]: Verifed the success message: Received! 
  And I verify the "Received!" success message is displayed                                  # stepDefinitions.ApplicationStepDefinition.verifySuccessMessage(java.lang.String)
Entered into hooks
Chrome browser used for execution....
Chrome browser used for execution....
ChromeDriver: chrome on windows (1bdb2d2c9c5ca53d49e92dedc4e5e40b)
Chrome browser used for execution....
]]></system-out>
    <system-err><![CDATA[log4j:WARN Continuable parsing error 5 and column 70
log4j:WARN Attribute "xmlns:log4j" with value "https://jakarta.apache.org/log4j/" must have a value of "http://jakarta.apache.org/log4j/".
Apr 09, 2025 11:42:02 AM org.openqa.selenium.devtools.CdpVersionFinder findNearestMatch
WARNING: Unable to find an exact match for CDP version 133, returning the closest version; found: 129; Please update to a Selenium version that supports CDP version 133
]]></system-err>
  </testcase>
</testsuite>