<?xml version="1.0" encoding="UTF-8"?>
<!-- Generated by org.testng.reporters.JUnitReportReporter -->
<testsuite hostname="HanviRithan" failures="0" tests="2" name="runners.TestRunner" time="7.493" errors="0" timestamp="2025-04-09T11:42:04 BST" skipped="0">
  <testcase classname="runners.TestRunner" name="runScenario" time="2.830"/>
  <system-out/>
  <testcase classname="runners.TestRunner" name="runScenario" time="4.663"/>
  <system-out/>
</testsuite> <!-- runners.TestRunner -->
